<?xml version="1.0" encoding="UTF-8"?>
<testsuite xmlns:xsi="http://www.w3.org/2001/XMLSchema-instance" xsi:noNamespaceSchemaLocation="https://maven.apache.org/surefire/maven-surefire-plugin/xsd/surefire-test-report-3.0.xsd" version="3.0" name="com.tpp.tpplab3.Tpplab3ApplicationTests" time="9.046" tests="1" errors="0" skipped="0" failures="0">
  <properties>
[...]
</properties>
  <testcase name="contextLoads" classname="com.tpp.tpplab3.Tpplab3ApplicationTests" time="0.85">
    <system-out><![CDATA[08:52:34.453 [main] INFO org.springframework.test.context.support.AnnotationConfigContextLoaderUtils -- Could not detect default configuration classes for test class [com.tpp.tpplab3.Tpplab3ApplicationTests]: Tpplab3ApplicationTests does not declare any static, non-private, non-final, nested classes annotated with @Configuration.
08:52:34.617 [main] INFO org.springframework.boot.test.context.SpringBootTestContextBootstrapper -- Found @SpringBootConfiguration com.tpp.tpplab3.Tpplab3Application for test class com.tpp.tpplab3.Tpplab3ApplicationTests
08:52:34.852 [main] INFO org.springframework.boot.devtools.restart.RestartApplicationListener -- Restart disabled due to context in which it is running

  .   ____          _            __ _ _
 /\\ / ___'_ __ _ _(_)_ __  __ _ \ \ \ \
( ( )\___ | '_ | '_| | '_ \/ _` | \ \ \ \
 \\/  ___)| |_)| | | | | || (_| |  ) ) ) )
  '  |____| .__|_| |_|_| |_\__, | / / / /
 =========|_|==============|___/=/_/_/_/

 :: Spring Boot ::                (v3.3.5)

2024-11-22T08:52:35.338+02:00  INFO 20476 --- [tpplab3] [           main] c.tpp.tpplab3.Tpplab3ApplicationTests    : Starting Tpplab3ApplicationTests using Java 23.0.1 with PID 20476 (started by MSI in C:\Users\MSI\Desktop\tpplab3-main\tpplab3-main)
2024-11-22T08:52:35.340+02:00  INFO 20476 --- [tpplab3] [           main] c.tpp.tpplab3.Tpplab3ApplicationTests    : No active profile set, falling back to 1 default profile: "default"
2024-11-22T08:52:36.587+02:00  INFO 20476 --- [tpplab3] [           main] .s.d.r.c.RepositoryConfigurationDelegate : Bootstrapping Spring Data JPA repositories in DEFAULT mode.
2024-11-22T08:52:36.729+02:00  INFO 20476 --- [tpplab3] [           main] .s.d.r.c.RepositoryConfigurationDelegate : Finished Spring Data repository scanning in 120 ms. Found 3 JPA repository interfaces.
2024-11-22T08:52:37.579+02:00  INFO 20476 --- [tpplab3] [           main] o.hibernate.jpa.internal.util.LogHelper  : HHH000204: Processing PersistenceUnitInfo [name: default]
2024-11-22T08:52:37.830+02:00  INFO 20476 --- [tpplab3] [           main] org.hibernate.Version                    : HHH000412: Hibernate ORM core version 6.5.3.Final
2024-11-22T08:52:37.887+02:00  INFO 20476 --- [tpplab3] [           main] o.h.c.internal.RegionFactoryInitiator    : HHH000026: Second-level cache disabled
2024-11-22T08:52:38.457+02:00  INFO 20476 --- [tpplab3] [           main] o.s.o.j.p.SpringPersistenceUnitInfo      : No LoadTimeWeaver setup: ignoring JPA class transformer
2024-11-22T08:52:38.533+02:00  INFO 20476 --- [tpplab3] [           main] com.zaxxer.hikari.HikariDataSource       : HikariPool-1 - Starting...
2024-11-22T08:52:38.840+02:00  INFO 20476 --- [tpplab3] [           main] com.zaxxer.hikari.pool.HikariPool        : HikariPool-1 - Added connection org.postgresql.jdbc.PgConnection@612af486
2024-11-22T08:52:38.843+02:00  INFO 20476 --- [tpplab3] [           main] com.zaxxer.hikari.HikariDataSource       : HikariPool-1 - Start completed.
2024-11-22T08:52:40.457+02:00  INFO 20476 --- [tpplab3] [           main] o.h.e.t.j.p.i.JtaPlatformInitiator       : HHH000489: No JTA platform available (set 'hibernate.transaction.jta.platform' to enable JTA platform integration)
2024-11-22T08:52:40.589+02:00  INFO 20476 --- [tpplab3] [           main] j.LocalContainerEntityManagerFactoryBean : Initialized JPA EntityManagerFactory for persistence unit 'default'
2024-11-22T08:52:41.423+02:00  WARN 20476 --- [tpplab3] [           main] JpaBaseConfiguration$JpaWebConfiguration : spring.jpa.open-in-view is enabled by default. Therefore, database queries may be performed during view rendering. Explicitly configure spring.jpa.open-in-view to disable this warning
2024-11-22T08:52:42.358+02:00  INFO 20476 --- [tpplab3] [           main] c.tpp.tpplab3.Tpplab3ApplicationTests    : Started Tpplab3ApplicationTests in 7.524 seconds (process running for 9.003)
]]></system-out>
    <system-err><![CDATA[WARNING: A Java agent has been loaded dynamically (C:\Users\MSI\.m2\repository\net\bytebuddy\byte-buddy-agent\1.14.19\byte-buddy-agent-1.14.19.jar)
WARNING: If a serviceability tool is in use, please run with -XX:+EnableDynamicAgentLoading to hide this warning
WARNING: If a serviceability tool is not in use, please run with -Djdk.instrument.traceUsage for more information
WARNING: Dynamic loading of agents will be disallowed by default in a future release
]]></system-err>
  </testcase>
</testsuite>